<?xml version="1.0" encoding="UTF-8"?>
<!-- Generated by org.testng.reporters.JUnitReportReporter -->
<testsuite hostname="Lets_do_it" failures="0" tests="4" name="DiffrentRequestBodyTest" time="4.696" errors="0" timestamp="2023-03-12T19:30:36 CDT" skipped="0">
  <testcase classname="DiffrentRequestBodyTest" name="hashmapRequest" time="0.902"/>
  <testcase classname="DiffrentRequestBodyTest" name="externalJSONFileRequest" time="2.794"/>
  <testcase classname="DiffrentRequestBodyTest" name="jsonRequest" time="0.497"/>
  <testcase classname="DiffrentRequestBodyTest" name="pojoRequest" time="0.503"/>
</testsuite> <!-- DiffrentRequestBodyTest -->
