<?xml version="1.0" encoding="UTF-8"?>
<!-- Generated by org.testng.reporters.JUnitReportReporter -->
<testsuite hostname="Lets_do_it" failures="0" tests="4" name="ReqresAPI" time="4.003" errors="0" timestamp="2023-03-11T06:30:48 CST" skipped="0">
  <testcase classname="ReqresAPI" name="postCreateUser" time="1.251"/>
  <testcase classname="ReqresAPI" name="deleteUser" time="2.076"/>
  <testcase classname="ReqresAPI" name="gettListAllUsers" time="0.159"/>
  <testcase classname="ReqresAPI" name="putUpdateUser" time="0.517"/>
</testsuite> <!-- ReqresAPI -->
